
[0m[2m[35m$[0m [2m[1mtsc --noEmit[0m
[96msrc/api.ts[0m:[93m135[0m:[93m36[0m - [91merror[0m[90m TS2339: [0mProperty 'combineHeatmaps' does not exist on type 'GridApi'.

[7m135[0m                     heatmap = this.combineHeatmaps(targetPeriod, contentClasses, tags);
[7m   [0m [91m                                   ~~~~~~~~~~~~~~~[0m

[96msrc/api.ts[0m:[93m181[0m:[93m25[0m - [91merror[0m[90m TS7053: [0mElement implicitly has an 'any' type because expression of type 'string' can't be used to index type 'Heatmap'.
  No index signature with a parameter of type 'string' was found on type 'Heatmap'.

[7m181[0m                     if (contentClassData.tags[tag]) {
[7m   [0m [91m                        ~~~~~~~~~~~~~~~~~~~~~~~~~~[0m

[96msrc/api.ts[0m:[93m182[0m:[93m50[0m - [91merror[0m[90m TS7053: [0mElement implicitly has an 'any' type because expression of type 'string' can't be used to index type 'Heatmap'.
  No index signature with a parameter of type 'string' was found on type 'Heatmap'.

[7m182[0m                         periodHeatmaps[period] = contentClassData.tags[tag];
[7m   [0m [91m                                                 ~~~~~~~~~~~~~~~~~~~~~~~~~~[0m

[96msrc/api.ts[0m:[93m196[0m:[93m33[0m - [91merror[0m[90m TS7053: [0mElement implicitly has an 'any' type because expression of type 'string' can't be used to index type 'Heatmap'.
  No index signature with a parameter of type 'string' was found on type 'Heatmap'.

[7m196[0m                             if (contentClassData.tags[tag]) {
[7m   [0m [91m                                ~~~~~~~~~~~~~~~~~~~~~~~~~~[0m

[96msrc/api.ts[0m:[93m197[0m:[93m54[0m - [91merror[0m[90m TS7053: [0mElement implicitly has an 'any' type because expression of type 'string' can't be used to index type 'Heatmap'.
  No index signature with a parameter of type 'string' was found on type 'Heatmap'.

[7m197[0m                                 heatmapsToMerge.push(contentClassData.tags[tag]);
[7m   [0m [91m                                                     ~~~~~~~~~~~~~~~~~~~~~~~~~~[0m

[96msrc/test/server.test.ts[0m:[93m183[0m:[93m14[0m - [91merror[0m[90m TS18048: [0m'timePeriods' is possibly 'undefined'.

[7m183[0m       expect(timePeriods.length).toBeGreaterThan(0);
[7m   [0m [91m             ~~~~~~~~~~~[0m

[96msrc/test/server.test.ts[0m:[93m193[0m:[93m44[0m - [91merror[0m[90m TS18048: [0m'blueprint.rows' is possibly 'undefined'.

[7m193[0m       expect(blueprint?.cells.length).toBe(blueprint?.rows * blueprint?.cols);
[7m   [0m [91m                                           ~~~~~~~~~~~~~~~[0m

[96msrc/test/server.test.ts[0m:[93m193[0m:[93m62[0m - [91merror[0m[90m TS18048: [0m'blueprint.cols' is possibly 'undefined'.

[7m193[0m       expect(blueprint?.cells.length).toBe(blueprint?.rows * blueprint?.cols);
[7m   [0m [91m                                                             ~~~~~~~~~~~~~~~[0m

[96msrc/test/server.test.ts[0m:[93m479[0m:[93m60[0m - [91merror[0m[90m TS18048: [0m'page2Features' is possibly 'undefined'.

[7m479[0m         const noDuplicates = page1Features.every(title => !page2Features.includes(title));
[7m   [0m [91m                                                           ~~~~~~~~~~~~~[0m

[96msrc/utils.ts[0m:[93m11[0m:[93m20[0m - [91merror[0m[90m TS7053: [0mElement implicitly has an 'any' type because expression of type 'string' can't be used to index type '{ Image: { base: Heatmap; tags: Heatmap; }; Event: { base: Heatmap; tags: Heatmap; }; }'.
  No index signature with a parameter of type 'string' was found on type '{ Image: { base: Heatmap; tags: Heatmap; }; Event: { base: Heatmap; tags: Heatmap; }; }'.

[7m11[0m       const base = heatmaps[period].contentClasses[contentClass].base;
[7m  [0m [91m                   ~~~~~~~~~~~~~~~~~~~~~~~~~~~~~~~~~~~~~~~~~~~~~[0m

[96msrc/utils.ts[0m:[93m24[0m:[93m25[0m - [91merror[0m[90m TS7053: [0mElement implicitly has an 'any' type because expression of type 'string' can't be used to index type '{ Image: { base: Heatmap; tags: Heatmap; }; Event: { base: Heatmap; tags: Heatmap; }; }'.
  No index signature with a parameter of type 'string' was found on type '{ Image: { base: Heatmap; tags: Heatmap; }; Event: { base: Heatmap; tags: Heatmap; }; }'.

[7m24[0m       for (const tag in heatmaps[period].contentClasses[contentClass].tags) {
[7m  [0m [91m                        ~~~~~~~~~~~~~~~~~~~~~~~~~~~~~~~~~~~~~~~~~~~~~[0m

[96msrc/utils.ts[0m:[93m25[0m:[93m25[0m - [91merror[0m[90m TS7053: [0mElement implicitly has an 'any' type because expression of type 'string' can't be used to index type '{ Image: { base: Heatmap; tags: Heatmap; }; Event: { base: Heatmap; tags: Heatmap; }; }'.
  No index signature with a parameter of type 'string' was found on type '{ Image: { base: Heatmap; tags: Heatmap; }; Event: { base: Heatmap; tags: Heatmap; }; }'.

[7m25[0m         const tagData = heatmaps[period].contentClasses[contentClass].tags[tag];
[7m  [0m [91m                        ~~~~~~~~~~~~~~~~~~~~~~~~~~~~~~~~~~~~~~~~~~~~~[0m


Found 12 errors in 3 files.

Errors  Files
     5  src/api.ts[90m:135[0m
     4  src/test/server.test.ts[90m:183[0m
     3  src/utils.ts[90m:11[0m
